Determining if the pthread_create exist failed with the following output:
Change Dir: /home/per/Study/Robotics/catkin_ws_McDrive/build/catkin_tools_prebuild/CMakeFiles/CMakeTmp

Run Build Command:"/usr/bin/make" "cmTC_b13ac/fast"
/usr/bin/make -f CMakeFiles/cmTC_b13ac.dir/build.make CMakeFiles/cmTC_b13ac.dir/build
make[1]: Entering directory '/home/per/Study/Robotics/catkin_ws_McDrive/build/catkin_tools_prebuild/CMakeFiles/CMakeTmp'
Building C object CMakeFiles/cmTC_b13ac.dir/CheckSymbolExists.c.o
/usr/bin/cc    -o CMakeFiles/cmTC_b13ac.dir/CheckSymbolExists.c.o   -c /home/per/Study/Robotics/catkin_ws_McDrive/build/catkin_tools_prebuild/CMakeFiles/CMakeTmp/CheckSymbolExists.c
Linking C executable cmTC_b13ac
/usr/bin/cmake -E cmake_link_script CMakeFiles/cmTC_b13ac.dir/link.txt --verbose=1
/usr/bin/cc      -rdynamic CMakeFiles/cmTC_b13ac.dir/CheckSymbolExists.c.o  -o cmTC_b13ac 
CMakeFiles/cmTC_b13ac.dir/CheckSymbolExists.c.o: In function `main':
CheckSymbolExists.c:(.text+0x1b): undefined reference to `pthread_create'
collect2: error: ld returned 1 exit status
CMakeFiles/cmTC_b13ac.dir/build.make:97: recipe for target 'cmTC_b13ac' failed
make[1]: *** [cmTC_b13ac] Error 1
make[1]: Leaving directory '/home/per/Study/Robotics/catkin_ws_McDrive/build/catkin_tools_prebuild/CMakeFiles/CMakeTmp'
Makefile:126: recipe for target 'cmTC_b13ac/fast' failed
make: *** [cmTC_b13ac/fast] Error 2

File /home/per/Study/Robotics/catkin_ws_McDrive/build/catkin_tools_prebuild/CMakeFiles/CMakeTmp/CheckSymbolExists.c:
/* */
#include <pthread.h>

int main(int argc, char** argv)
{
  (void)argv;
#ifndef pthread_create
  return ((int*)(&pthread_create))[argc];
#else
  (void)argc;
  return 0;
#endif
}

Determining if the function pthread_create exists in the pthreads failed with the following output:
Change Dir: /home/per/Study/Robotics/catkin_ws_McDrive/build/catkin_tools_prebuild/CMakeFiles/CMakeTmp

Run Build Command:"/usr/bin/make" "cmTC_4a717/fast"
/usr/bin/make -f CMakeFiles/cmTC_4a717.dir/build.make CMakeFiles/cmTC_4a717.dir/build
make[1]: Entering directory '/home/per/Study/Robotics/catkin_ws_McDrive/build/catkin_tools_prebuild/CMakeFiles/CMakeTmp'
Building C object CMakeFiles/cmTC_4a717.dir/CheckFunctionExists.c.o
/usr/bin/cc   -DCHECK_FUNCTION_EXISTS=pthread_create   -o CMakeFiles/cmTC_4a717.dir/CheckFunctionExists.c.o   -c /usr/share/cmake-3.10/Modules/CheckFunctionExists.c
Linking C executable cmTC_4a717
/usr/bin/cmake -E cmake_link_script CMakeFiles/cmTC_4a717.dir/link.txt --verbose=1
/usr/bin/cc  -DCHECK_FUNCTION_EXISTS=pthread_create    -rdynamic CMakeFiles/cmTC_4a717.dir/CheckFunctionExists.c.o  -o cmTC_4a717 -lpthreads 
/usr/bin/ld: cannot find -lpthreads
collect2: error: ld returned 1 exit status
CMakeFiles/cmTC_4a717.dir/build.make:97: recipe for target 'cmTC_4a717' failed
make[1]: *** [cmTC_4a717] Error 1
make[1]: Leaving directory '/home/per/Study/Robotics/catkin_ws_McDrive/build/catkin_tools_prebuild/CMakeFiles/CMakeTmp'
Makefile:126: recipe for target 'cmTC_4a717/fast' failed
make: *** [cmTC_4a717/fast] Error 2


